<?xml version="1.0" encoding="UTF-8"?>
<!-- Generated by org.testng.reporters.JUnitXMLReporter -->
<testsuite ignored="0" hostname="MSI" failures="0" tests="10" name="Cart" time="3.371" errors="0" timestamp="2026-03-29T15:56:12 IST">
  <testcase classname="testcases.CartTests" name="createCart" time="0.565"/>
  <testcase classname="testcases.CartTests" name="deleteCart" time="0.639"/>
  <testcase classname="testcases.CartTests" name="getAllCarts" time="0.63"/>
  <testcase classname="testcases.CartTests" name="getAllCartByUserID" time="0.711"/>
  <testcase classname="testcases.CartTests" name="getAllCartsByID" time="0.641"/>
  <testcase classname="testcases.CartTests" name="getAllCartsByLimit" time="0.701"/>
  <testcase classname="testcases.CartTests" name="getAllCartsSortedASC" time="0.608"/>
  <testcase classname="testcases.CartTests" name="getAllCartsInDateRange" time="0.726"/>
  <testcase classname="testcases.CartTests" name="getAllCartsSortedDESC" time="0.763"/>
  <testcase classname="testcases.CartTests" name="updateCart" time="0.721"/>
</testsuite> <!-- Cart -->
