<?xml version="1.0" encoding="UTF-8"?>
<!-- Generated by org.testng.reporters.JUnitXMLReporter -->
<testsuite ignored="0" hostname="MSI" failures="0" tests="10" name="Product" time="5.991" errors="0" timestamp="2026-03-30T14:04:35 IST">
  <testcase classname="testcases.ProductTests" name="testGetSingleProductById" time="1.801"/>
  <testcase classname="testcases.ProductTests" name="testGetAllProducts" time="2.239"/>
  <testcase classname="testcases.ProductTests" name="testGetLimitedProducts" time="0.542"/>
  <testcase classname="testcases.ProductTests" name="testGetSortedProducts" time="0.53"/>
  <testcase classname="testcases.ProductTests" name="testGetSortedProductsAsc" time="0.526"/>
  <testcase classname="testcases.ProductTests" name="testGetAllCategories" time="0.562"/>
  <testcase classname="testcases.ProductTests" name="testGetProductsByCategory" time="0.529"/>
  <testcase classname="testcases.ProductTests" name="testUpdateProduct" time="0.698"/>
  <testcase classname="testcases.ProductTests" name="testAddNewProduct" time="1.372"/>
  <testcase classname="testcases.ProductTests" name="testDeleteProduct" time="1.172"/>
</testsuite> <!-- Product -->
