<?xml version="1.0" encoding="UTF-8"?>
<!-- Generated by org.testng.reporters.JUnitXMLReporter -->
<testsuite ignored="0" hostname="MSI" failures="0" tests="7" name="Product Data Driven" time="5.312" errors="0" timestamp="2026-03-30T14:04:49 IST">
  <testcase classname="testcases.ProductDataDrivenTest" name="testAddNewProduct" time="0.552"/>
  <testcase classname="testcases.ProductDataDrivenTest" name="testAddNewProduct" time="0.517"/>
  <testcase classname="testcases.ProductDataDrivenTest" name="testAddNewProduct" time="0.576"/>
  <testcase classname="testcases.ProductDataDrivenTest" name="testAddNewProduct" time="0.563"/>
  <testcase classname="testcases.ProductDataDrivenTest" name="testAddNewProduct" time="0.523"/>
  <testcase classname="testcases.ProductDataDrivenTest" name="testAddNewProduct" time="0.553"/>
  <testcase classname="testcases.ProductDataDrivenTest" name="deleteProduct" time="1.984"/>
</testsuite> <!-- Product Data Driven -->
