<?xml version="1.0" encoding="UTF-8"?>
<!-- Generated by org.testng.reporters.JUnitXMLReporter -->
<testsuite ignored="0" hostname="MSI" failures="0" tests="10" name="Product" time="5.654" errors="0" timestamp="2026-03-29T15:56:06 IST">
  <testcase classname="testcases.ProductTests" name="testGetSingleProductById" time="1.905"/>
  <testcase classname="testcases.ProductTests" name="testGetAllProducts" time="2.368"/>
  <testcase classname="testcases.ProductTests" name="testGetLimitedProducts" time="0.571"/>
  <testcase classname="testcases.ProductTests" name="testGetSortedProducts" time="0.61"/>
  <testcase classname="testcases.ProductTests" name="testGetSortedProductsAsc" time="0.52"/>
  <testcase classname="testcases.ProductTests" name="testGetAllCategories" time="0.499"/>
  <testcase classname="testcases.ProductTests" name="testGetProductsByCategory" time="0.528"/>
  <testcase classname="testcases.ProductTests" name="testUpdateProduct" time="0.747"/>
  <testcase classname="testcases.ProductTests" name="testAddNewProduct" time="1.214"/>
  <testcase classname="testcases.ProductTests" name="testDeleteProduct" time="0.631"/>
</testsuite> <!-- Product -->
