<?xml version="1.0" encoding="UTF-8"?>
<!-- Generated by org.testng.reporters.JUnitXMLReporter -->
<testsuite ignored="0" hostname="MSI" failures="0" tests="3" name="Schema Validation" time="2.213" errors="0" timestamp="2026-03-30T13:48:25 IST">
  <testcase classname="testcases.SchemaTests" name="testProductSchema" time="0.822"/>
  <testcase classname="testcases.SchemaTests" name="testCartSchema" time="0.861"/>
  <testcase classname="testcases.SchemaTests" name="testUserSchema" time="1.384"/>
</testsuite> <!-- Schema Validation -->
