<?xml version="1.0" encoding="UTF-8"?>
<!-- Generated by org.testng.reporters.JUnitXMLReporter -->
<testsuite ignored="0" hostname="MSI" failures="0" tests="3" name="Schema Validation" time="1.641" errors="0" timestamp="2026-03-30T14:04:51 IST">
  <testcase classname="testcases.SchemaTests" name="testProductSchema" time="0.868"/>
  <testcase classname="testcases.SchemaTests" name="testCartSchema" time="0.909"/>
  <testcase classname="testcases.SchemaTests" name="testUserSchema" time="0.765"/>
</testsuite> <!-- Schema Validation -->
