<?xml version="1.0" encoding="UTF-8"?>
<!-- Generated by org.testng.reporters.JUnitXMLReporter -->
<testsuite ignored="0" hostname="MSI" failures="0" tests="10" name="Test" time="11.18" errors="0" timestamp="2026-03-23T00:50:14 IST">
  <testcase classname="testcases.ProductTests" name="testGetAllProducts" time="2.706"/>
  <testcase classname="testcases.ProductTests" name="testGetSingleProductById" time="1.062"/>
  <testcase classname="testcases.ProductTests" name="testGetLimitedProducts" time="0.968"/>
  <testcase classname="testcases.ProductTests" name="testGetSortedProducts" time="1.126"/>
  <testcase classname="testcases.ProductTests" name="testGetSortedProductsAsc" time="0.64"/>
  <testcase classname="testcases.ProductTests" name="testGetAllCategories" time="0.502"/>
  <testcase classname="testcases.ProductTests" name="testGetProductsByCategory" time="0.933"/>
  <testcase classname="testcases.ProductTests" name="testAddNewProduct" time="1.141"/>
  <testcase classname="testcases.ProductTests" name="testUpdateProduct" time="0.6"/>
  <testcase classname="testcases.ProductTests" name="testDeleteProduct" time="0.95"/>
</testsuite> <!-- Test -->
