<?xml version="1.0" encoding="UTF-8"?>
<!-- Generated by org.testng.reporters.JUnitXMLReporter -->
<testsuite ignored="0" hostname="MSI" failures="0" tests="8" name="User" time="2.948" errors="0" timestamp="2026-03-30T13:48:14 IST">
  <testcase classname="testcases.UserTests" name="testDeleteUser" time="0.862"/>
  <testcase classname="testcases.UserTests" name="testCreateUser" time="0.876"/>
  <testcase classname="testcases.UserTests" name="testGetUserById" time="0.615"/>
  <testcase classname="testcases.UserTests" name="testGetAllUsers" time="0.652"/>
  <testcase classname="testcases.UserTests" name="testGetUsersSorted" time="0.664"/>
  <testcase classname="testcases.UserTests" name="testGetUsersSortedAsc" time="0.734"/>
  <testcase classname="testcases.UserTests" name="testUpdateUser" time="0.683"/>
  <testcase classname="testcases.UserTests" name="testGetUsersWithLimit" time="0.776"/>
</testsuite> <!-- User -->
