<?xml version="1.0" encoding="UTF-8"?>
<!-- Generated by org.testng.reporters.JUnitXMLReporter -->
<testsuite ignored="0" hostname="MSI" failures="0" tests="8" name="User" time="2.951" errors="0" timestamp="2026-03-29T15:56:09 IST">
  <testcase classname="testcases.UserTests" name="testDeleteUser" time="0.713"/>
  <testcase classname="testcases.UserTests" name="testCreateUser" time="0.883"/>
  <testcase classname="testcases.UserTests" name="testGetAllUsers" time="0.63"/>
  <testcase classname="testcases.UserTests" name="testGetUserById" time="0.643"/>
  <testcase classname="testcases.UserTests" name="testGetUsersSorted" time="0.626"/>
  <testcase classname="testcases.UserTests" name="testGetUsersSortedAsc" time="0.624"/>
  <testcase classname="testcases.UserTests" name="testUpdateUser" time="0.643"/>
  <testcase classname="testcases.UserTests" name="testGetUsersWithLimit" time="0.967"/>
</testsuite> <!-- User -->
