<?xml version="1.0" encoding="UTF-8"?>
<!-- Generated by org.testng.reporters.JUnitXMLReporter -->
<testsuite ignored="0" hostname="MSI" failures="0" tests="10" name="Product" time="7.13" errors="0" timestamp="2026-03-29T19:06:11 IST">
  <testcase classname="testcases.ProductTests" name="testGetSingleProductById" time="2.051"/>
  <testcase classname="testcases.ProductTests" name="testGetAllProducts" time="2.544"/>
  <testcase classname="testcases.ProductTests" name="testGetLimitedProducts" time="0.655"/>
  <testcase classname="testcases.ProductTests" name="testGetSortedProductsAsc" time="0.725"/>
  <testcase classname="testcases.ProductTests" name="testGetSortedProducts" time="1.152"/>
  <testcase classname="testcases.ProductTests" name="testGetAllCategories" time="0.662"/>
  <testcase classname="testcases.ProductTests" name="testGetProductsByCategory" time="1.157"/>
  <testcase classname="testcases.ProductTests" name="testAddNewProduct" time="0.935"/>
  <testcase classname="testcases.ProductTests" name="testDeleteProduct" time="1.071"/>
  <testcase classname="testcases.ProductTests" name="testUpdateProduct" time="1.675"/>
</testsuite> <!-- Product -->
