<?xml version="1.0" encoding="UTF-8"?>
<!-- Generated by org.testng.reporters.JUnitXMLReporter -->
<testsuite ignored="0" hostname="MSI" failures="0" tests="8" name="User" time="3.07" errors="0" timestamp="2026-03-29T19:06:15 IST">
  <testcase classname="testcases.UserTests" name="testDeleteUser" time="0.708"/>
  <testcase classname="testcases.UserTests" name="testCreateUser" time="0.88"/>
  <testcase classname="testcases.UserTests" name="testGetAllUsers" time="0.81"/>
  <testcase classname="testcases.UserTests" name="testGetUserById" time="0.719"/>
  <testcase classname="testcases.UserTests" name="testGetUsersSorted" time="0.79"/>
  <testcase classname="testcases.UserTests" name="testGetUsersSortedAsc" time="0.725"/>
  <testcase classname="testcases.UserTests" name="testUpdateUser" time="0.656"/>
  <testcase classname="testcases.UserTests" name="testGetUsersWithLimit" time="0.747"/>
</testsuite> <!-- User -->
