<?xml version="1.0" encoding="UTF-8"?>
<testng-results ignored="0" total="33" passed="33" failed="0" skipped="0">
  <reporter-output>
  </reporter-output>
  <suite started-at="2026-03-29T19:06:04 IST" name="API TestSuite" finished-at="2026-03-29T19:06:22 IST" duration-ms="17854">
    <groups>
    </groups>
    <test started-at="2026-03-29T19:06:04 IST" name="Product" finished-at="2026-03-29T19:06:11 IST" duration-ms="7130">
      <class name="testcases.ProductTests">
        <test-method is-config="true" signature="setup()[pri:0, instance:testcases.ProductTests@302a07d]" started-at="2026-03-29T19:06:04 IST" name="setup" finished-at="2026-03-29T19:06:05 IST" duration-ms="353" status="PASS">
          <reporter-output>
          </reporter-output>
        </test-method> <!-- setup -->
        <test-method signature="testGetAllProducts()[pri:1, instance:testcases.ProductTests@302a07d]" started-at="2026-03-29T19:06:05 IST" name="testGetAllProducts" finished-at="2026-03-29T19:06:07 IST" duration-ms="2544" status="PASS">
          <reporter-output>
          </reporter-output>
        </test-method> <!-- testGetAllProducts -->
        <test-method signature="testGetSingleProductById()[pri:2, instance:testcases.ProductTests@302a07d]" started-at="2026-03-29T19:06:05 IST" name="testGetSingleProductById" finished-at="2026-03-29T19:06:07 IST" duration-ms="2051" status="PASS">
          <reporter-output>
          </reporter-output>
        </test-method> <!-- testGetSingleProductById -->
        <test-method signature="testGetLimitedProducts()[pri:3, instance:testcases.ProductTests@302a07d]" started-at="2026-03-29T19:06:07 IST" name="testGetLimitedProducts" finished-at="2026-03-29T19:06:07 IST" duration-ms="655" status="PASS">
          <reporter-output>
          </reporter-output>
        </test-method> <!-- testGetLimitedProducts -->
        <test-method signature="testGetSortedProducts()[pri:4, instance:testcases.ProductTests@302a07d]" started-at="2026-03-29T19:06:07 IST" name="testGetSortedProducts" finished-at="2026-03-29T19:06:08 IST" duration-ms="1152" status="PASS">
          <reporter-output>
          </reporter-output>
        </test-method> <!-- testGetSortedProducts -->
        <test-method signature="testGetSortedProductsAsc()[pri:5, instance:testcases.ProductTests@302a07d]" started-at="2026-03-29T19:06:07 IST" name="testGetSortedProductsAsc" finished-at="2026-03-29T19:06:08 IST" duration-ms="725" status="PASS">
          <reporter-output>
          </reporter-output>
        </test-method> <!-- testGetSortedProductsAsc -->
        <test-method signature="testGetAllCategories()[pri:6, instance:testcases.ProductTests@302a07d]" started-at="2026-03-29T19:06:08 IST" name="testGetAllCategories" finished-at="2026-03-29T19:06:09 IST" duration-ms="662" status="PASS">
          <reporter-output>
          </reporter-output>
        </test-method> <!-- testGetAllCategories -->
        <test-method signature="testGetProductsByCategory()[pri:7, instance:testcases.ProductTests@302a07d]" started-at="2026-03-29T19:06:08 IST" name="testGetProductsByCategory" finished-at="2026-03-29T19:06:10 IST" duration-ms="1157" status="PASS">
          <reporter-output>
          </reporter-output>
        </test-method> <!-- testGetProductsByCategory -->
        <test-method signature="testAddNewProduct()[pri:8, instance:testcases.ProductTests@302a07d]" started-at="2026-03-29T19:06:09 IST" name="testAddNewProduct" finished-at="2026-03-29T19:06:10 IST" duration-ms="935" status="PASS">
          <reporter-output>
          </reporter-output>
        </test-method> <!-- testAddNewProduct -->
        <test-method signature="testUpdateProduct()[pri:9, instance:testcases.ProductTests@302a07d]" started-at="2026-03-29T19:06:10 IST" name="testUpdateProduct" finished-at="2026-03-29T19:06:11 IST" duration-ms="1675" status="PASS">
          <reporter-output>
          </reporter-output>
        </test-method> <!-- testUpdateProduct -->
        <test-method signature="testDeleteProduct()[pri:10, instance:testcases.ProductTests@302a07d]" started-at="2026-03-29T19:06:10 IST" name="testDeleteProduct" finished-at="2026-03-29T19:06:11 IST" duration-ms="1071" status="PASS">
          <reporter-output>
          </reporter-output>
        </test-method> <!-- testDeleteProduct -->
      </class> <!-- testcases.ProductTests -->
    </test> <!-- Product -->
    <test started-at="2026-03-29T19:06:11 IST" name="User" finished-at="2026-03-29T19:06:15 IST" duration-ms="3070">
      <class name="testcases.UserTests">
        <test-method is-config="true" signature="setup()[pri:0, instance:testcases.UserTests@aafcffa]" started-at="2026-03-29T19:06:11 IST" name="setup" finished-at="2026-03-29T19:06:11 IST" duration-ms="1" status="PASS">
          <reporter-output>
          </reporter-output>
        </test-method> <!-- setup -->
        <test-method signature="testDeleteUser()[pri:0, instance:testcases.UserTests@aafcffa]" started-at="2026-03-29T19:06:11 IST" name="testDeleteUser" finished-at="2026-03-29T19:06:12 IST" duration-ms="708" status="PASS">
          <reporter-output>
          </reporter-output>
        </test-method> <!-- testDeleteUser -->
        <test-method signature="testCreateUser()[pri:0, instance:testcases.UserTests@aafcffa]" started-at="2026-03-29T19:06:11 IST" name="testCreateUser" finished-at="2026-03-29T19:06:12 IST" duration-ms="880" status="PASS">
          <reporter-output>
          </reporter-output>
        </test-method> <!-- testCreateUser -->
        <test-method signature="testGetAllUsers()[pri:0, instance:testcases.UserTests@aafcffa]" started-at="2026-03-29T19:06:12 IST" name="testGetAllUsers" finished-at="2026-03-29T19:06:13 IST" duration-ms="810" status="PASS">
          <reporter-output>
          </reporter-output>
        </test-method> <!-- testGetAllUsers -->
        <test-method signature="testGetUserById()[pri:0, instance:testcases.UserTests@aafcffa]" started-at="2026-03-29T19:06:12 IST" name="testGetUserById" finished-at="2026-03-29T19:06:13 IST" duration-ms="719" status="PASS">
          <reporter-output>
          </reporter-output>
        </test-method> <!-- testGetUserById -->
        <test-method signature="testGetUsersSorted()[pri:0, instance:testcases.UserTests@aafcffa]" started-at="2026-03-29T19:06:13 IST" name="testGetUsersSorted" finished-at="2026-03-29T19:06:14 IST" duration-ms="790" status="PASS">
          <reporter-output>
          </reporter-output>
        </test-method> <!-- testGetUsersSorted -->
        <test-method signature="testGetUsersSortedAsc()[pri:0, instance:testcases.UserTests@aafcffa]" started-at="2026-03-29T19:06:13 IST" name="testGetUsersSortedAsc" finished-at="2026-03-29T19:06:14 IST" duration-ms="725" status="PASS">
          <reporter-output>
          </reporter-output>
        </test-method> <!-- testGetUsersSortedAsc -->
        <test-method signature="testGetUsersWithLimit()[pri:0, instance:testcases.UserTests@aafcffa]" started-at="2026-03-29T19:06:14 IST" name="testGetUsersWithLimit" finished-at="2026-03-29T19:06:15 IST" duration-ms="747" status="PASS">
          <reporter-output>
          </reporter-output>
        </test-method> <!-- testGetUsersWithLimit -->
        <test-method signature="testUpdateUser()[pri:0, instance:testcases.UserTests@aafcffa]" started-at="2026-03-29T19:06:14 IST" name="testUpdateUser" finished-at="2026-03-29T19:06:14 IST" duration-ms="656" status="PASS">
          <reporter-output>
          </reporter-output>
        </test-method> <!-- testUpdateUser -->
      </class> <!-- testcases.UserTests -->
    </test> <!-- User -->
    <test started-at="2026-03-29T19:06:15 IST" name="Cart" finished-at="2026-03-29T19:06:19 IST" duration-ms="4195">
      <class name="testcases.CartTests">
        <test-method is-config="true" signature="setup()[pri:0, instance:testcases.CartTests@68fa0ba8]" started-at="2026-03-29T19:06:15 IST" name="setup" finished-at="2026-03-29T19:06:15 IST" duration-ms="1" status="PASS">
          <reporter-output>
          </reporter-output>
        </test-method> <!-- setup -->
        <test-method signature="deleteCart()[pri:0, instance:testcases.CartTests@68fa0ba8]" started-at="2026-03-29T19:06:15 IST" name="deleteCart" finished-at="2026-03-29T19:06:15 IST" duration-ms="730" status="PASS">
          <reporter-output>
          </reporter-output>
        </test-method> <!-- deleteCart -->
        <test-method signature="createCart()[pri:0, instance:testcases.CartTests@68fa0ba8]" started-at="2026-03-29T19:06:15 IST" name="createCart" finished-at="2026-03-29T19:06:15 IST" duration-ms="687" status="PASS">
          <reporter-output>
          </reporter-output>
        </test-method> <!-- createCart -->
        <test-method signature="getAllCartByUserID()[pri:0, instance:testcases.CartTests@68fa0ba8]" started-at="2026-03-29T19:06:15 IST" name="getAllCartByUserID" finished-at="2026-03-29T19:06:16 IST" duration-ms="752" status="PASS">
          <reporter-output>
          </reporter-output>
        </test-method> <!-- getAllCartByUserID -->
        <test-method signature="getAllCarts()[pri:0, instance:testcases.CartTests@68fa0ba8]" started-at="2026-03-29T19:06:15 IST" name="getAllCarts" finished-at="2026-03-29T19:06:16 IST" duration-ms="727" status="PASS">
          <reporter-output>
          </reporter-output>
        </test-method> <!-- getAllCarts -->
        <test-method signature="getAllCartsByID()[pri:0, instance:testcases.CartTests@68fa0ba8]" started-at="2026-03-29T19:06:16 IST" name="getAllCartsByID" finished-at="2026-03-29T19:06:17 IST" duration-ms="827" status="PASS">
          <reporter-output>
          </reporter-output>
        </test-method> <!-- getAllCartsByID -->
        <test-method signature="getAllCartsByLimit()[pri:0, instance:testcases.CartTests@68fa0ba8]" started-at="2026-03-29T19:06:16 IST" name="getAllCartsByLimit" finished-at="2026-03-29T19:06:17 IST" duration-ms="802" status="PASS">
          <reporter-output>
          </reporter-output>
        </test-method> <!-- getAllCartsByLimit -->
        <test-method signature="getAllCartsInDateRange()[pri:0, instance:testcases.CartTests@68fa0ba8]" started-at="2026-03-29T19:06:17 IST" name="getAllCartsInDateRange" finished-at="2026-03-29T19:06:18 IST" duration-ms="1238" status="PASS">
          <reporter-output>
          </reporter-output>
        </test-method> <!-- getAllCartsInDateRange -->
        <test-method signature="getAllCartsSortedASC()[pri:0, instance:testcases.CartTests@68fa0ba8]" started-at="2026-03-29T19:06:17 IST" name="getAllCartsSortedASC" finished-at="2026-03-29T19:06:18 IST" duration-ms="799" status="PASS">
          <reporter-output>
          </reporter-output>
        </test-method> <!-- getAllCartsSortedASC -->
        <test-method signature="getAllCartsSortedDESC()[pri:0, instance:testcases.CartTests@68fa0ba8]" started-at="2026-03-29T19:06:18 IST" name="getAllCartsSortedDESC" finished-at="2026-03-29T19:06:18 IST" duration-ms="786" status="PASS">
          <reporter-output>
          </reporter-output>
        </test-method> <!-- getAllCartsSortedDESC -->
        <test-method signature="updateCart()[pri:0, instance:testcases.CartTests@68fa0ba8]" started-at="2026-03-29T19:06:18 IST" name="updateCart" finished-at="2026-03-29T19:06:19 IST" duration-ms="684" status="PASS">
          <reporter-output>
          </reporter-output>
        </test-method> <!-- updateCart -->
      </class> <!-- testcases.CartTests -->
    </test> <!-- Cart -->
    <test started-at="2026-03-29T19:06:19 IST" name="Authentication" finished-at="2026-03-29T19:06:20 IST" duration-ms="1251">
      <class name="testcases.Authentication">
        <test-method is-config="true" signature="setup()[pri:0, instance:testcases.Authentication@78365cfa]" started-at="2026-03-29T19:06:19 IST" name="setup" finished-at="2026-03-29T19:06:19 IST" duration-ms="1" status="PASS">
          <reporter-output>
          </reporter-output>
        </test-method> <!-- setup -->
        <test-method signature="generateInvalidToken()[pri:0, instance:testcases.Authentication@78365cfa]" started-at="2026-03-29T19:06:19 IST" name="generateInvalidToken" finished-at="2026-03-29T19:06:20 IST" duration-ms="1247" status="PASS">
          <reporter-output>
          </reporter-output>
        </test-method> <!-- generateInvalidToken -->
        <test-method signature="generateToken()[pri:0, instance:testcases.Authentication@78365cfa]" started-at="2026-03-29T19:06:19 IST" name="generateToken" finished-at="2026-03-29T19:06:20 IST" duration-ms="930" status="PASS">
          <reporter-output>
          </reporter-output>
        </test-method> <!-- generateToken -->
      </class> <!-- testcases.Authentication -->
    </test> <!-- Authentication -->
    <test started-at="2026-03-29T19:06:20 IST" name="Schema Validation" finished-at="2026-03-29T19:06:22 IST" duration-ms="1902">
      <class name="testcases.SchemaTests">
        <test-method is-config="true" signature="setup()[pri:0, instance:testcases.SchemaTests@736d6a5c]" started-at="2026-03-29T19:06:20 IST" name="setup" finished-at="2026-03-29T19:06:20 IST" duration-ms="1" status="PASS">
          <reporter-output>
          </reporter-output>
        </test-method> <!-- setup -->
        <test-method signature="testCartSchema()[pri:0, instance:testcases.SchemaTests@736d6a5c]" started-at="2026-03-29T19:06:20 IST" name="testCartSchema" finished-at="2026-03-29T19:06:21 IST" duration-ms="991" status="PASS">
          <reporter-output>
          </reporter-output>
        </test-method> <!-- testCartSchema -->
        <test-method signature="testProductSchema()[pri:0, instance:testcases.SchemaTests@736d6a5c]" started-at="2026-03-29T19:06:20 IST" name="testProductSchema" finished-at="2026-03-29T19:06:21 IST" duration-ms="955" status="PASS">
          <reporter-output>
          </reporter-output>
        </test-method> <!-- testProductSchema -->
        <test-method signature="testUserSchema()[pri:0, instance:testcases.SchemaTests@736d6a5c]" started-at="2026-03-29T19:06:21 IST" name="testUserSchema" finished-at="2026-03-29T19:06:22 IST" duration-ms="941" status="PASS">
          <reporter-output>
          </reporter-output>
        </test-method> <!-- testUserSchema -->
      </class> <!-- testcases.SchemaTests -->
    </test> <!-- Schema Validation -->
  </suite> <!-- API TestSuite -->
</testng-results>
