<?xml version="1.0" encoding="UTF-8"?>
<!-- Generated by org.testng.reporters.JUnitReportReporter -->
<testsuite hostname="MSI" failures="0" tests="10" name="testcases.ProductTests" time="10.188" errors="0" timestamp="2026-03-30T13:48:25 IST" skipped="0">
  <testcase classname="testcases.ProductTests" name="testGetAllProducts" time="2.212"/>
  <testcase classname="testcases.ProductTests" name="testGetSingleProductById" time="1.839"/>
  <testcase classname="testcases.ProductTests" name="testGetLimitedProducts" time="0.561"/>
  <testcase classname="testcases.ProductTests" name="testGetSortedProducts" time="0.531"/>
  <testcase classname="testcases.ProductTests" name="testGetSortedProductsAsc" time="0.539"/>
  <testcase classname="testcases.ProductTests" name="testGetAllCategories" time="1.845"/>
  <testcase classname="testcases.ProductTests" name="testGetProductsByCategory" time="0.606"/>
  <testcase classname="testcases.ProductTests" name="testAddNewProduct" time="0.932"/>
  <testcase classname="testcases.ProductTests" name="testUpdateProduct" time="0.523"/>
  <testcase classname="testcases.ProductTests" name="testDeleteProduct" time="0.600"/>
</testsuite> <!-- testcases.ProductTests -->
