<?xml version="1.0" encoding="UTF-8"?>
<!-- Generated by org.testng.reporters.JUnitReportReporter -->
<testsuite hostname="MSI" failures="0" tests="10" name="testcases.CartTests" time="8.643" errors="0" timestamp="2026-03-30T14:04:51 IST" skipped="0">
  <testcase classname="testcases.CartTests" name="createCart" time="0.592"/>
  <testcase classname="testcases.CartTests" name="getAllCarts" time="1.111"/>
  <testcase classname="testcases.CartTests" name="getAllCartsByID" time="0.639"/>
  <testcase classname="testcases.CartTests" name="getAllCartByUserID" time="0.604"/>
  <testcase classname="testcases.CartTests" name="getAllCartsSortedDESC" time="0.684"/>
  <testcase classname="testcases.CartTests" name="getAllCartsInDateRange" time="1.113"/>
  <testcase classname="testcases.CartTests" name="getAllCartsByLimit" time="1.883"/>
  <testcase classname="testcases.CartTests" name="updateCart" time="0.570"/>
  <testcase classname="testcases.CartTests" name="deleteCart" time="0.616"/>
  <testcase classname="testcases.CartTests" name="getAllCartsSortedASC" time="0.831"/>
</testsuite> <!-- testcases.CartTests -->
