<?xml version="1.0" encoding="UTF-8"?>
<!-- Generated by org.testng.reporters.JUnitReportReporter -->
<testsuite hostname="MSI" failures="0" tests="6" name="testcases.ProductDataDrivenTest" time="5.650" errors="0" timestamp="2026-03-17T02:16:41 IST" skipped="0">
  <testcase classname="testcases.ProductDataDrivenTest" name="deleteProduct" time="0.613"/>
  <testcase classname="testcases.ProductDataDrivenTest" name="testAddNewProduct" time="0.961"/>
  <testcase classname="testcases.ProductDataDrivenTest" name="testAddNewProduct" time="2.337"/>
  <testcase classname="testcases.ProductDataDrivenTest" name="testAddNewProduct" time="0.579"/>
  <testcase classname="testcases.ProductDataDrivenTest" name="testAddNewProduct" time="0.630"/>
  <testcase classname="testcases.ProductDataDrivenTest" name="testAddNewProduct" time="0.530"/>
</testsuite> <!-- testcases.ProductDataDrivenTest -->
