<?xml version="1.0" encoding="UTF-8"?>
<!-- Generated by org.testng.reporters.JUnitReportReporter -->
<testsuite hostname="MSI" failures="0" tests="3" name="testcases.SchemaTests" time="3.067" errors="0" timestamp="2026-03-30T13:48:25 IST" skipped="0">
  <testcase classname="testcases.SchemaTests" name="testProductSchema" time="0.822"/>
  <testcase classname="testcases.SchemaTests" name="testUserSchema" time="1.384"/>
  <testcase classname="testcases.SchemaTests" name="testCartSchema" time="0.861"/>
</testsuite> <!-- testcases.SchemaTests -->
