<?xml version="1.0" encoding="UTF-8"?>
<!-- Generated by org.testng.reporters.JUnitReportReporter -->
<testsuite hostname="MSI" failures="0" tests="10" name="testcases.CartTests" time="7.057" errors="0" timestamp="2026-03-30T13:48:26 IST" skipped="0">
  <testcase classname="testcases.CartTests" name="getAllCartByUserID" time="0.790"/>
  <testcase classname="testcases.CartTests" name="getAllCartsByID" time="0.795"/>
  <testcase classname="testcases.CartTests" name="getAllCarts" time="0.761"/>
  <testcase classname="testcases.CartTests" name="createCart" time="0.655"/>
  <testcase classname="testcases.CartTests" name="getAllCartsByLimit" time="0.780"/>
  <testcase classname="testcases.CartTests" name="deleteCart" time="0.636"/>
  <testcase classname="testcases.CartTests" name="getAllCartsInDateRange" time="0.656"/>
  <testcase classname="testcases.CartTests" name="getAllCartsSortedASC" time="0.678"/>
  <testcase classname="testcases.CartTests" name="updateCart" time="0.579"/>
  <testcase classname="testcases.CartTests" name="getAllCartsSortedDESC" time="0.727"/>
</testsuite> <!-- testcases.CartTests -->
