<?xml version="1.0" encoding="UTF-8"?>
<!-- Generated by org.testng.reporters.JUnitReportReporter -->
<testsuite hostname="MSI" failures="0" tests="8" name="testcases.UserTests" time="5.273" errors="0" timestamp="2026-03-30T14:04:51 IST" skipped="0">
  <testcase classname="testcases.UserTests" name="testGetUsersWithLimit" time="0.605"/>
  <testcase classname="testcases.UserTests" name="testDeleteUser" time="0.612"/>
  <testcase classname="testcases.UserTests" name="testGetAllUsers" time="0.609"/>
  <testcase classname="testcases.UserTests" name="testGetUserById" time="0.636"/>
  <testcase classname="testcases.UserTests" name="testGetUsersSorted" time="0.618"/>
  <testcase classname="testcases.UserTests" name="testCreateUser" time="0.962"/>
  <testcase classname="testcases.UserTests" name="testUpdateUser" time="0.508"/>
  <testcase classname="testcases.UserTests" name="testGetUsersSortedAsc" time="0.723"/>
</testsuite> <!-- testcases.UserTests -->
