<?xml version="1.0" encoding="UTF-8"?>
<!-- Generated by org.testng.reporters.JUnitReportReporter -->
<testsuite hostname="MSI" failures="0" tests="3" name="testcases.SchemaTests" time="4.031" errors="0" timestamp="2026-03-29T17:00:21 IST" skipped="0">
  <testcase classname="testcases.SchemaTests" name="testCartSchema" time="2.493"/>
  <testcase classname="testcases.SchemaTests" name="testProductSchema" time="0.593"/>
  <testcase classname="testcases.SchemaTests" name="testUserSchema" time="0.945"/>
</testsuite> <!-- testcases.SchemaTests -->
