<?xml version="1.0" encoding="UTF-8"?>
<!-- Generated by org.testng.reporters.JUnitReportReporter -->
<testsuite hostname="MSI" failures="0" tests="6" name="testcases.ProductDataDrivenTest" time="4.400" errors="0" timestamp="2026-03-30T13:48:25 IST" skipped="0">
  <testcase classname="testcases.ProductDataDrivenTest" name="testAddNewProduct" time="0.549"/>
  <testcase classname="testcases.ProductDataDrivenTest" name="testAddNewProduct" time="0.564"/>
  <testcase classname="testcases.ProductDataDrivenTest" name="testAddNewProduct" time="0.529"/>
  <testcase classname="testcases.ProductDataDrivenTest" name="deleteProduct" time="1.630"/>
  <testcase classname="testcases.ProductDataDrivenTest" name="testAddNewProduct" time="0.521"/>
  <testcase classname="testcases.ProductDataDrivenTest" name="testAddNewProduct" time="0.607"/>
</testsuite> <!-- testcases.ProductDataDrivenTest -->
