<?xml version="1.0" encoding="UTF-8"?>
<!-- Generated by org.testng.reporters.JUnitReportReporter -->
<testsuite hostname="MSI" failures="0" tests="8" name="testcases.UserTests" time="5.729" errors="0" timestamp="2026-03-29T15:56:13 IST" skipped="0">
  <testcase classname="testcases.UserTests" name="testGetUserById" time="0.643"/>
  <testcase classname="testcases.UserTests" name="testDeleteUser" time="0.713"/>
  <testcase classname="testcases.UserTests" name="testCreateUser" time="0.883"/>
  <testcase classname="testcases.UserTests" name="testGetUsersSorted" time="0.626"/>
  <testcase classname="testcases.UserTests" name="testGetAllUsers" time="0.630"/>
  <testcase classname="testcases.UserTests" name="testGetUsersWithLimit" time="0.967"/>
  <testcase classname="testcases.UserTests" name="testGetUsersSortedAsc" time="0.624"/>
  <testcase classname="testcases.UserTests" name="testUpdateUser" time="0.643"/>
</testsuite> <!-- testcases.UserTests -->
