<?xml version="1.0" encoding="UTF-8"?>
<!-- Generated by org.testng.reporters.JUnitReportReporter -->
<testsuite hostname="MSI" failures="0" tests="3" name="testcases.SchemaTests" time="2.887" errors="0" timestamp="2026-03-29T19:06:22 IST" skipped="0">
  <testcase classname="testcases.SchemaTests" name="testCartSchema" time="0.991"/>
  <testcase classname="testcases.SchemaTests" name="testProductSchema" time="0.955"/>
  <testcase classname="testcases.SchemaTests" name="testUserSchema" time="0.941"/>
</testsuite> <!-- testcases.SchemaTests -->
