<?xml version="1.0" encoding="UTF-8"?>
<!-- Generated by org.testng.reporters.JUnitReportReporter -->
<testsuite hostname="MSI" failures="0" tests="8" name="testcases.UserTests" time="6.035" errors="0" timestamp="2026-03-29T19:06:22 IST" skipped="0">
  <testcase classname="testcases.UserTests" name="testGetAllUsers" time="0.810"/>
  <testcase classname="testcases.UserTests" name="testGetUsersSorted" time="0.790"/>
  <testcase classname="testcases.UserTests" name="testDeleteUser" time="0.708"/>
  <testcase classname="testcases.UserTests" name="testGetUsersWithLimit" time="0.747"/>
  <testcase classname="testcases.UserTests" name="testGetUsersSortedAsc" time="0.725"/>
  <testcase classname="testcases.UserTests" name="testGetUserById" time="0.719"/>
  <testcase classname="testcases.UserTests" name="testCreateUser" time="0.880"/>
  <testcase classname="testcases.UserTests" name="testUpdateUser" time="0.656"/>
</testsuite> <!-- testcases.UserTests -->
