<?xml version="1.0" encoding="UTF-8"?>
<!-- Generated by org.testng.reporters.JUnitReportReporter -->
<testsuite hostname="MSI" failures="0" tests="10" name="testcases.CartTests" time="8.032" errors="0" timestamp="2026-03-29T19:06:22 IST" skipped="0">
  <testcase classname="testcases.CartTests" name="deleteCart" time="0.730"/>
  <testcase classname="testcases.CartTests" name="getAllCarts" time="0.727"/>
  <testcase classname="testcases.CartTests" name="createCart" time="0.687"/>
  <testcase classname="testcases.CartTests" name="getAllCartsSortedASC" time="0.799"/>
  <testcase classname="testcases.CartTests" name="getAllCartByUserID" time="0.752"/>
  <testcase classname="testcases.CartTests" name="getAllCartsByLimit" time="0.802"/>
  <testcase classname="testcases.CartTests" name="getAllCartsByID" time="0.827"/>
  <testcase classname="testcases.CartTests" name="getAllCartsInDateRange" time="1.238"/>
  <testcase classname="testcases.CartTests" name="getAllCartsSortedDESC" time="0.786"/>
  <testcase classname="testcases.CartTests" name="updateCart" time="0.684"/>
</testsuite> <!-- testcases.CartTests -->
