<?xml version="1.0" encoding="UTF-8"?>
<!-- Generated by org.testng.reporters.JUnitReportReporter -->
<testsuite hostname="MSI" failures="0" tests="10" name="testcases.ProductTests" time="12.627" errors="0" timestamp="2026-03-29T19:06:22 IST" skipped="0">
  <testcase classname="testcases.ProductTests" name="testGetAllProducts" time="2.544"/>
  <testcase classname="testcases.ProductTests" name="testGetSingleProductById" time="2.051"/>
  <testcase classname="testcases.ProductTests" name="testGetLimitedProducts" time="0.655"/>
  <testcase classname="testcases.ProductTests" name="testGetSortedProducts" time="1.152"/>
  <testcase classname="testcases.ProductTests" name="testGetSortedProductsAsc" time="0.725"/>
  <testcase classname="testcases.ProductTests" name="testGetAllCategories" time="0.662"/>
  <testcase classname="testcases.ProductTests" name="testGetProductsByCategory" time="1.157"/>
  <testcase classname="testcases.ProductTests" name="testAddNewProduct" time="0.935"/>
  <testcase classname="testcases.ProductTests" name="testUpdateProduct" time="1.675"/>
  <testcase classname="testcases.ProductTests" name="testDeleteProduct" time="1.071"/>
</testsuite> <!-- testcases.ProductTests -->
